GROUP,PACKAGE,CLASS,INSTRUCTION_MISSED,INSTRUCTION_COVERED,BRANCH_MISSED,BRANCH_COVERED,LINE_MISSED,LINE_COVERED,COMPLEXITY_MISSED,COMPLEXITY_COVERED,METHOD_MISSED,METHOD_COVERED
Deventropy Shared Utils :: Java,org.deventropy.shared.utils,DirectoryArchiverUtil,5,168,3,13,2,37,4,12,1,7
Deventropy Shared Utils :: Java,org.deventropy.shared.utils,UrlResourceUtil,3,147,2,16,2,31,3,12,1,5
Deventropy Shared Utils :: Java,org.deventropy.shared.utils,DirectoryArchiverUtil.ArchiverFileVisitor,0,115,0,2,0,22,0,4,0,3
Deventropy Shared Utils :: Java,org.deventropy.shared.utils,DirectoryArchiverUtil.ArchiverCreateProcessor,0,6,0,0,0,3,0,3,0,3
Deventropy Shared Utils :: Java,org.deventropy.shared.utils,ArgumentCheck,3,39,1,7,2,6,2,5,1,2
Deventropy Shared Utils :: Java,org.deventropy.shared.utils,ClassUtil,5,35,1,7,3,13,2,5,1,2
Deventropy Shared Utils :: Java,org.deventropy.shared.utils,DirectoryArchiverUtil.TarArchiverCreateProcessor,0,50,0,2,0,15,0,4,0,3
Deventropy Shared Utils :: Java,org.deventropy.shared.utils,DirectoryArchiverUtil.JarArchiverCreateProcessor,0,33,0,0,0,8,0,2,0,2
